<?xml version="1.0" encoding="UTF-8"?>
<!-- Generated by org.testng.reporters.JUnitXMLReporter -->
<testsuite hostname="laptop2" ignored="7" tests="0" failures="0" timestamp="2020-07-18T17:51:37 EDT" time="0.016" errors="0">
  <testcase name="login1" time="0.0" classname="auttest1.NewTest3">
    <ignored/>
  </testcase> <!-- login1 -->
  <testcase name="login3" time="0.0" classname="auttest1.NewTest3">
    <ignored/>
  </testcase> <!-- login3 -->
  <testcase name="login2" time="0.0" classname="auttest1.NewTest3">
    <ignored/>
  </testcase> <!-- login2 -->
  <testcase name="f" time="0.0" classname="auttest1.NewTest1">
    <ignored/>
  </testcase> <!-- f -->
  <testcase name="loin1" time="0.0" classname="auttest1.NewTest2">
    <ignored/>
  </testcase> <!-- loin1 -->
  <testcase name="login2" time="0.0" classname="auttest1.NewTest2">
    <ignored/>
  </testcase> <!-- login2 -->
  <testcase name="login3" time="0.0" classname="auttest1.NewTest2">
    <ignored/>
  </testcase> <!-- login3 -->
</testsuite>
